2020-10-07T08:10:05+00:00 CRITICAL syntax error, unexpected 'function' (T_FUNCTION) in C:\xampp\htdocs\Doughnut\wp-content\themes\doughnut-shop\functions.php on line 11

2020-10-07T08:10:27+00:00 CRITICAL syntax error, unexpected 'function' (T_FUNCTION) in C:\xampp\htdocs\Doughnut\wp-content\themes\doughnut-shop\functions.php on line 11

2020-10-07T08:10:27+00:00 CRITICAL syntax error, unexpected 'function' (T_FUNCTION) in C:\xampp\htdocs\Doughnut\wp-content\themes\doughnut-shop\functions.php on line 11

2020-10-07T08:10:41+00:00 CRITICAL syntax error, unexpected 'function' (T_FUNCTION) in C:\xampp\htdocs\Doughnut\wp-content\themes\doughnut-shop\functions.php on line 11

2020-10-07T08:10:42+00:00 CRITICAL syntax error, unexpected 'function' (T_FUNCTION) in C:\xampp\htdocs\Doughnut\wp-content\themes\doughnut-shop\functions.php on line 11

2020-10-07T08:10:42+00:00 CRITICAL syntax error, unexpected 'function' (T_FUNCTION) in C:\xampp\htdocs\Doughnut\wp-content\themes\doughnut-shop\functions.php on line 11

2020-10-07T08:10:42+00:00 CRITICAL syntax error, unexpected 'function' (T_FUNCTION) in C:\xampp\htdocs\Doughnut\wp-content\themes\doughnut-shop\functions.php on line 11

2020-10-07T08:10:43+00:00 CRITICAL syntax error, unexpected 'function' (T_FUNCTION) in C:\xampp\htdocs\Doughnut\wp-content\themes\doughnut-shop\functions.php on line 11

2020-10-07T08:11:03+00:00 CRITICAL syntax error, unexpected 'function' (T_FUNCTION) in C:\xampp\htdocs\Doughnut\wp-content\themes\doughnut-shop\functions.php on line 11

2020-10-07T08:11:34+00:00 CRITICAL syntax error, unexpected 'function' (T_FUNCTION) in C:\xampp\htdocs\Doughnut\wp-content\themes\doughnut-shop\functions.php on line 11

2020-10-07T08:13:02+00:00 CRITICAL syntax error, unexpected 'function' (T_FUNCTION) in C:\xampp\htdocs\Doughnut\wp-content\themes\doughnut-shop\functions.php on line 11

2020-10-07T08:13:03+00:00 CRITICAL syntax error, unexpected 'function' (T_FUNCTION) in C:\xampp\htdocs\Doughnut\wp-content\themes\doughnut-shop\functions.php on line 11

2020-10-07T08:13:03+00:00 CRITICAL syntax error, unexpected 'function' (T_FUNCTION) in C:\xampp\htdocs\Doughnut\wp-content\themes\doughnut-shop\functions.php on line 11

2020-10-07T08:13:55+00:00 CRITICAL syntax error, unexpected 'function' (T_FUNCTION) in C:\xampp\htdocs\Doughnut\wp-content\themes\doughnut-shop\functions.php on line 11

2020-10-07T08:14:21+00:00 CRITICAL syntax error, unexpected 'function' (T_FUNCTION) in C:\xampp\htdocs\Doughnut\wp-content\themes\doughnut-shop\functions.php on line 11

2020-10-07T08:14:22+00:00 CRITICAL syntax error, unexpected 'function' (T_FUNCTION) in C:\xampp\htdocs\Doughnut\wp-content\themes\doughnut-shop\functions.php on line 11

2020-10-07T08:14:22+00:00 CRITICAL syntax error, unexpected 'function' (T_FUNCTION) in C:\xampp\htdocs\Doughnut\wp-content\themes\doughnut-shop\functions.php on line 11

2020-10-07T08:14:23+00:00 CRITICAL syntax error, unexpected 'function' (T_FUNCTION) in C:\xampp\htdocs\Doughnut\wp-content\themes\doughnut-shop\functions.php on line 11

2020-10-07T08:14:35+00:00 CRITICAL syntax error, unexpected 'function' (T_FUNCTION) in C:\xampp\htdocs\Doughnut\wp-content\themes\doughnut-shop\functions.php on line 11

2020-10-07T08:14:35+00:00 CRITICAL syntax error, unexpected 'function' (T_FUNCTION) in C:\xampp\htdocs\Doughnut\wp-content\themes\doughnut-shop\functions.php on line 11

2020-10-07T08:14:36+00:00 CRITICAL syntax error, unexpected 'function' (T_FUNCTION) in C:\xampp\htdocs\Doughnut\wp-content\themes\doughnut-shop\functions.php on line 11

2020-10-07T08:14:36+00:00 CRITICAL syntax error, unexpected 'function' (T_FUNCTION) in C:\xampp\htdocs\Doughnut\wp-content\themes\doughnut-shop\functions.php on line 11

2020-10-07T08:14:37+00:00 CRITICAL syntax error, unexpected 'function' (T_FUNCTION) in C:\xampp\htdocs\Doughnut\wp-content\themes\doughnut-shop\functions.php on line 11

2020-10-07T08:14:44+00:00 CRITICAL syntax error, unexpected '}' in C:\xampp\htdocs\Doughnut\wp-content\themes\doughnut-shop\functions.php on line 24

2020-10-07T08:14:45+00:00 CRITICAL syntax error, unexpected '}' in C:\xampp\htdocs\Doughnut\wp-content\themes\doughnut-shop\functions.php on line 24

2020-10-07T08:14:45+00:00 CRITICAL syntax error, unexpected '}' in C:\xampp\htdocs\Doughnut\wp-content\themes\doughnut-shop\functions.php on line 24

2020-10-07T08:14:49+00:00 CRITICAL Uncaught Error: Call to undefined function class_exist() in C:\xampp\htdocs\Doughnut\wp-content\themes\doughnut-shop\functions.php:17
Stack trace:
#0 C:\xampp\htdocs\Doughnut\wp-settings.php(514): include()
#1 C:\xampp\htdocs\Doughnut\wp-config.php(90): require_once('C:\\xampp\\htdocs...')
#2 C:\xampp\htdocs\Doughnut\wp-load.php(37): require_once('C:\\xampp\\htdocs...')
#3 C:\xampp\htdocs\Doughnut\wp-blog-header.php(13): require_once('C:\\xampp\\htdocs...')
#4 C:\xampp\htdocs\Doughnut\index.php(17): require('C:\\xampp\\htdocs...')
#5 {main}
  thrown in C:\xampp\htdocs\Doughnut\wp-content\themes\doughnut-shop\functions.php on line 17

2020-10-07T08:14:51+00:00 CRITICAL Uncaught Error: Call to undefined function class_exist() in C:\xampp\htdocs\Doughnut\wp-content\themes\doughnut-shop\functions.php:17
Stack trace:
#0 C:\xampp\htdocs\Doughnut\wp-settings.php(514): include()
#1 C:\xampp\htdocs\Doughnut\wp-config.php(90): require_once('C:\\xampp\\htdocs...')
#2 C:\xampp\htdocs\Doughnut\wp-load.php(37): require_once('C:\\xampp\\htdocs...')
#3 C:\xampp\htdocs\Doughnut\wp-blog-header.php(13): require_once('C:\\xampp\\htdocs...')
#4 C:\xampp\htdocs\Doughnut\index.php(17): require('C:\\xampp\\htdocs...')
#5 {main}
  thrown in C:\xampp\htdocs\Doughnut\wp-content\themes\doughnut-shop\functions.php on line 17

2020-10-07T08:14:52+00:00 CRITICAL Uncaught Error: Call to undefined function class_exist() in C:\xampp\htdocs\Doughnut\wp-content\themes\doughnut-shop\functions.php:17
Stack trace:
#0 C:\xampp\htdocs\Doughnut\wp-settings.php(514): include()
#1 C:\xampp\htdocs\Doughnut\wp-config.php(90): require_once('C:\\xampp\\htdocs...')
#2 C:\xampp\htdocs\Doughnut\wp-load.php(37): require_once('C:\\xampp\\htdocs...')
#3 C:\xampp\htdocs\Doughnut\wp-blog-header.php(13): require_once('C:\\xampp\\htdocs...')
#4 C:\xampp\htdocs\Doughnut\index.php(17): require('C:\\xampp\\htdocs...')
#5 {main}
  thrown in C:\xampp\htdocs\Doughnut\wp-content\themes\doughnut-shop\functions.php on line 17

2020-10-07T08:15:03+00:00 CRITICAL Uncaught Error: Call to undefined function class_exist() in C:\xampp\htdocs\Doughnut\wp-content\themes\doughnut-shop\functions.php:17
Stack trace:
#0 C:\xampp\htdocs\Doughnut\wp-settings.php(514): include()
#1 C:\xampp\htdocs\Doughnut\wp-config.php(90): require_once('C:\\xampp\\htdocs...')
#2 C:\xampp\htdocs\Doughnut\wp-load.php(37): require_once('C:\\xampp\\htdocs...')
#3 C:\xampp\htdocs\Doughnut\wp-admin\admin-ajax.php(22): require_once('C:\\xampp\\htdocs...')
#4 {main}
  thrown in C:\xampp\htdocs\Doughnut\wp-content\themes\doughnut-shop\functions.php on line 17

2020-10-07T17:07:04+00:00 CRITICAL Uncaught Error: Call to undefined function wp_get_cart_url() in C:\xampp\htdocs\Doughnut\wp-content\themes\doughnut-shop\header.php:23
Stack trace:
#0 C:\xampp\htdocs\Doughnut\wp-includes\template.php(730): require_once()
#1 C:\xampp\htdocs\Doughnut\wp-includes\template.php(676): load_template('C:\\xampp\\htdocs...', true, Array)
#2 C:\xampp\htdocs\Doughnut\wp-includes\general-template.php(48): locate_template(Array, true, true, Array)
#3 C:\xampp\htdocs\Doughnut\wp-content\themes\doughnut-shop\front-page.php(1): get_header()
#4 C:\xampp\htdocs\Doughnut\wp-includes\template-loader.php(106): include('C:\\xampp\\htdocs...')
#5 C:\xampp\htdocs\Doughnut\wp-blog-header.php(19): require_once('C:\\xampp\\htdocs...')
#6 C:\xampp\htdocs\Doughnut\index.php(17): require('C:\\xampp\\htdocs...')
#7 {main}
  thrown in C:\xampp\htdocs\Doughnut\wp-content\themes\doughnut-shop\header.php on line 23

2020-10-07T17:07:12+00:00 CRITICAL Uncaught Error: Call to undefined function wp_get_cart_url() in C:\xampp\htdocs\Doughnut\wp-content\themes\doughnut-shop\header.php:23
Stack trace:
#0 C:\xampp\htdocs\Doughnut\wp-includes\template.php(730): require_once()
#1 C:\xampp\htdocs\Doughnut\wp-includes\template.php(676): load_template('C:\\xampp\\htdocs...', true, Array)
#2 C:\xampp\htdocs\Doughnut\wp-includes\general-template.php(48): locate_template(Array, true, true, Array)
#3 C:\xampp\htdocs\Doughnut\wp-content\themes\doughnut-shop\front-page.php(1): get_header()
#4 C:\xampp\htdocs\Doughnut\wp-includes\template-loader.php(106): include('C:\\xampp\\htdocs...')
#5 C:\xampp\htdocs\Doughnut\wp-blog-header.php(19): require_once('C:\\xampp\\htdocs...')
#6 C:\xampp\htdocs\Doughnut\index.php(17): require('C:\\xampp\\htdocs...')
#7 {main}
  thrown in C:\xampp\htdocs\Doughnut\wp-content\themes\doughnut-shop\header.php on line 23

2020-10-07T17:08:09+00:00 CRITICAL Uncaught Error: Call to undefined function wp_get_cart_url() in C:\xampp\htdocs\Doughnut\wp-content\themes\doughnut-shop\header.php:23
Stack trace:
#0 C:\xampp\htdocs\Doughnut\wp-includes\template.php(730): require_once()
#1 C:\xampp\htdocs\Doughnut\wp-includes\template.php(676): load_template('C:\\xampp\\htdocs...', true, Array)
#2 C:\xampp\htdocs\Doughnut\wp-includes\general-template.php(48): locate_template(Array, true, true, Array)
#3 C:\xampp\htdocs\Doughnut\wp-content\themes\doughnut-shop\front-page.php(1): get_header()
#4 C:\xampp\htdocs\Doughnut\wp-includes\template-loader.php(106): include('C:\\xampp\\htdocs...')
#5 C:\xampp\htdocs\Doughnut\wp-blog-header.php(19): require_once('C:\\xampp\\htdocs...')
#6 C:\xampp\htdocs\Doughnut\index.php(17): require('C:\\xampp\\htdocs...')
#7 {main}
  thrown in C:\xampp\htdocs\Doughnut\wp-content\themes\doughnut-shop\header.php on line 23

2020-10-07T17:08:17+00:00 CRITICAL Uncaught Error: Call to undefined function wp_get_cart_url() in C:\xampp\htdocs\Doughnut\wp-content\themes\doughnut-shop\header.php:23
Stack trace:
#0 C:\xampp\htdocs\Doughnut\wp-includes\template.php(730): require_once()
#1 C:\xampp\htdocs\Doughnut\wp-includes\template.php(676): load_template('C:\\xampp\\htdocs...', true, Array)
#2 C:\xampp\htdocs\Doughnut\wp-includes\general-template.php(48): locate_template(Array, true, true, Array)
#3 C:\xampp\htdocs\Doughnut\wp-content\themes\doughnut-shop\front-page.php(1): get_header()
#4 C:\xampp\htdocs\Doughnut\wp-includes\template-loader.php(106): include('C:\\xampp\\htdocs...')
#5 C:\xampp\htdocs\Doughnut\wp-blog-header.php(19): require_once('C:\\xampp\\htdocs...')
#6 C:\xampp\htdocs\Doughnut\index.php(17): require('C:\\xampp\\htdocs...')
#7 {main}
  thrown in C:\xampp\htdocs\Doughnut\wp-content\themes\doughnut-shop\header.php on line 23

2020-10-07T17:09:27+00:00 CRITICAL syntax error, unexpected '?>' in C:\xampp\htdocs\Doughnut\wp-content\themes\doughnut-shop\header.php on line 23

2020-10-07T17:09:30+00:00 CRITICAL Uncaught Error: Call to undefined function wp_get_cart_url() in C:\xampp\htdocs\Doughnut\wp-content\themes\doughnut-shop\header.php:23
Stack trace:
#0 C:\xampp\htdocs\Doughnut\wp-includes\template.php(730): require_once()
#1 C:\xampp\htdocs\Doughnut\wp-includes\template.php(676): load_template('C:\\xampp\\htdocs...', true, Array)
#2 C:\xampp\htdocs\Doughnut\wp-includes\general-template.php(48): locate_template(Array, true, true, Array)
#3 C:\xampp\htdocs\Doughnut\wp-content\themes\doughnut-shop\front-page.php(1): get_header()
#4 C:\xampp\htdocs\Doughnut\wp-includes\template-loader.php(106): include('C:\\xampp\\htdocs...')
#5 C:\xampp\htdocs\Doughnut\wp-blog-header.php(19): require_once('C:\\xampp\\htdocs...')
#6 C:\xampp\htdocs\Doughnut\index.php(17): require('C:\\xampp\\htdocs...')
#7 {main}
  thrown in C:\xampp\htdocs\Doughnut\wp-content\themes\doughnut-shop\header.php on line 23

2020-10-07T17:09:47+00:00 CRITICAL Uncaught Error: Call to undefined function wp_get_cart_url() in C:\xampp\htdocs\Doughnut\wp-content\themes\doughnut-shop\header.php:22
Stack trace:
#0 C:\xampp\htdocs\Doughnut\wp-includes\template.php(730): require_once()
#1 C:\xampp\htdocs\Doughnut\wp-includes\template.php(676): load_template('C:\\xampp\\htdocs...', true, Array)
#2 C:\xampp\htdocs\Doughnut\wp-includes\general-template.php(48): locate_template(Array, true, true, Array)
#3 C:\xampp\htdocs\Doughnut\wp-content\themes\doughnut-shop\front-page.php(1): get_header()
#4 C:\xampp\htdocs\Doughnut\wp-includes\template-loader.php(106): include('C:\\xampp\\htdocs...')
#5 C:\xampp\htdocs\Doughnut\wp-blog-header.php(19): require_once('C:\\xampp\\htdocs...')
#6 C:\xampp\htdocs\Doughnut\index.php(17): require('C:\\xampp\\htdocs...')
#7 {main}
  thrown in C:\xampp\htdocs\Doughnut\wp-content\themes\doughnut-shop\header.php on line 22

2020-10-07T17:09:51+00:00 CRITICAL Uncaught Error: Call to undefined function wp_get_cart_url() in C:\xampp\htdocs\Doughnut\wp-content\themes\doughnut-shop\header.php:23
Stack trace:
#0 C:\xampp\htdocs\Doughnut\wp-includes\template.php(730): require_once()
#1 C:\xampp\htdocs\Doughnut\wp-includes\template.php(676): load_template('C:\\xampp\\htdocs...', true, Array)
#2 C:\xampp\htdocs\Doughnut\wp-includes\general-template.php(48): locate_template(Array, true, true, Array)
#3 C:\xampp\htdocs\Doughnut\wp-content\themes\doughnut-shop\front-page.php(1): get_header()
#4 C:\xampp\htdocs\Doughnut\wp-includes\template-loader.php(106): include('C:\\xampp\\htdocs...')
#5 C:\xampp\htdocs\Doughnut\wp-blog-header.php(19): require_once('C:\\xampp\\htdocs...')
#6 C:\xampp\htdocs\Doughnut\index.php(17): require('C:\\xampp\\htdocs...')
#7 {main}
  thrown in C:\xampp\htdocs\Doughnut\wp-content\themes\doughnut-shop\header.php on line 23

2020-10-07T17:09:57+00:00 CRITICAL Uncaught Error: Call to undefined function wp_get_cart_url() in C:\xampp\htdocs\Doughnut\wp-content\themes\doughnut-shop\header.php:23
Stack trace:
#0 C:\xampp\htdocs\Doughnut\wp-includes\template.php(730): require_once()
#1 C:\xampp\htdocs\Doughnut\wp-includes\template.php(676): load_template('C:\\xampp\\htdocs...', true, Array)
#2 C:\xampp\htdocs\Doughnut\wp-includes\general-template.php(48): locate_template(Array, true, true, Array)
#3 C:\xampp\htdocs\Doughnut\wp-content\themes\doughnut-shop\front-page.php(1): get_header()
#4 C:\xampp\htdocs\Doughnut\wp-includes\template-loader.php(106): include('C:\\xampp\\htdocs...')
#5 C:\xampp\htdocs\Doughnut\wp-blog-header.php(19): require_once('C:\\xampp\\htdocs...')
#6 C:\xampp\htdocs\Doughnut\index.php(17): require('C:\\xampp\\htdocs...')
#7 {main}
  thrown in C:\xampp\htdocs\Doughnut\wp-content\themes\doughnut-shop\header.php on line 23

2020-10-07T17:10:00+00:00 CRITICAL Uncaught Error: Call to undefined function wp_get_cart_url() in C:\xampp\htdocs\Doughnut\wp-content\themes\doughnut-shop\header.php:23
Stack trace:
#0 C:\xampp\htdocs\Doughnut\wp-includes\template.php(730): require_once()
#1 C:\xampp\htdocs\Doughnut\wp-includes\template.php(676): load_template('C:\\xampp\\htdocs...', true, Array)
#2 C:\xampp\htdocs\Doughnut\wp-includes\general-template.php(48): locate_template(Array, true, true, Array)
#3 C:\xampp\htdocs\Doughnut\wp-content\themes\doughnut-shop\front-page.php(1): get_header()
#4 C:\xampp\htdocs\Doughnut\wp-includes\template-loader.php(106): include('C:\\xampp\\htdocs...')
#5 C:\xampp\htdocs\Doughnut\wp-blog-header.php(19): require_once('C:\\xampp\\htdocs...')
#6 C:\xampp\htdocs\Doughnut\index.php(17): require('C:\\xampp\\htdocs...')
#7 {main}
  thrown in C:\xampp\htdocs\Doughnut\wp-content\themes\doughnut-shop\header.php on line 23

2020-10-07T17:11:37+00:00 CRITICAL Uncaught Error: Call to undefined function wp_get_cart_url() in C:\xampp\htdocs\Doughnut\wp-content\themes\doughnut-shop\header.php:23
Stack trace:
#0 C:\xampp\htdocs\Doughnut\wp-includes\template.php(730): require_once()
#1 C:\xampp\htdocs\Doughnut\wp-includes\template.php(676): load_template('C:\\xampp\\htdocs...', true, Array)
#2 C:\xampp\htdocs\Doughnut\wp-includes\general-template.php(48): locate_template(Array, true, true, Array)
#3 C:\xampp\htdocs\Doughnut\wp-content\themes\doughnut-shop\front-page.php(1): get_header()
#4 C:\xampp\htdocs\Doughnut\wp-includes\template-loader.php(106): include('C:\\xampp\\htdocs...')
#5 C:\xampp\htdocs\Doughnut\wp-blog-header.php(19): require_once('C:\\xampp\\htdocs...')
#6 C:\xampp\htdocs\Doughnut\index.php(17): require('C:\\xampp\\htdocs...')
#7 {main}
  thrown in C:\xampp\htdocs\Doughnut\wp-content\themes\doughnut-shop\header.php on line 23

2020-10-07T17:22:37+00:00 CRITICAL Uncaught Error: Call to undefined function wp_get_cart_url() in C:\xampp\htdocs\Doughnut\wp-content\themes\doughnut-shop\header.php:23
Stack trace:
#0 C:\xampp\htdocs\Doughnut\wp-includes\template.php(730): require_once()
#1 C:\xampp\htdocs\Doughnut\wp-includes\template.php(676): load_template('C:\\xampp\\htdocs...', true, Array)
#2 C:\xampp\htdocs\Doughnut\wp-includes\general-template.php(48): locate_template(Array, true, true, Array)
#3 C:\xampp\htdocs\Doughnut\wp-content\themes\doughnut-shop\front-page.php(1): get_header()
#4 C:\xampp\htdocs\Doughnut\wp-includes\template-loader.php(106): include('C:\\xampp\\htdocs...')
#5 C:\xampp\htdocs\Doughnut\wp-blog-header.php(19): require_once('C:\\xampp\\htdocs...')
#6 C:\xampp\htdocs\Doughnut\index.php(17): require('C:\\xampp\\htdocs...')
#7 {main}
  thrown in C:\xampp\htdocs\Doughnut\wp-content\themes\doughnut-shop\header.php on line 23

2020-10-07T17:24:33+00:00 CRITICAL syntax error, unexpected ')' in C:\xampp\htdocs\Doughnut\wp-content\themes\doughnut-shop\page.php on line 5

2020-10-07T17:25:06+00:00 CRITICAL syntax error, unexpected ')' in C:\xampp\htdocs\Doughnut\wp-content\themes\doughnut-shop\page.php on line 5

2020-10-07T17:25:31+00:00 CRITICAL syntax error, unexpected ')' in C:\xampp\htdocs\Doughnut\wp-content\themes\doughnut-shop\page.php on line 5

2020-10-07T17:26:11+00:00 CRITICAL syntax error, unexpected ')' in C:\xampp\htdocs\Doughnut\wp-content\themes\doughnut-shop\page.php on line 5

2020-10-07T17:26:11+00:00 CRITICAL syntax error, unexpected ')' in C:\xampp\htdocs\Doughnut\wp-content\themes\doughnut-shop\page.php on line 5

2020-10-07T17:26:12+00:00 CRITICAL syntax error, unexpected ')' in C:\xampp\htdocs\Doughnut\wp-content\themes\doughnut-shop\page.php on line 5

2020-10-07T17:26:13+00:00 CRITICAL syntax error, unexpected ')' in C:\xampp\htdocs\Doughnut\wp-content\themes\doughnut-shop\page.php on line 5

2020-10-07T17:41:58+00:00 CRITICAL require_once(): Failed opening required 'C:\xampp\htdocs\Doughnut/wp-content/themes/doughnut-shop/inc/theme-settings.php' (include_path='C:\xampp\php\PEAR') in C:\xampp\htdocs\Doughnut\wp-content\themes\doughnut-shop\functions.php on line 24

2020-10-07T17:41:59+00:00 CRITICAL require_once(): Failed opening required 'C:\xampp\htdocs\Doughnut/wp-content/themes/doughnut-shop/inc/theme-settings.php' (include_path='C:\xampp\php\PEAR') in C:\xampp\htdocs\Doughnut\wp-content\themes\doughnut-shop\functions.php on line 24

2020-10-07T17:41:59+00:00 CRITICAL require_once(): Failed opening required 'C:\xampp\htdocs\Doughnut/wp-content/themes/doughnut-shop/inc/theme-settings.php' (include_path='C:\xampp\php\PEAR') in C:\xampp\htdocs\Doughnut\wp-content\themes\doughnut-shop\functions.php on line 24

2020-10-07T17:42:07+00:00 CRITICAL require_once(): Failed opening required 'C:\xampp\htdocs\Doughnut/wp-content/themes/doughnut-shop/inc/theme-settings.php' (include_path='C:\xampp\php\PEAR') in C:\xampp\htdocs\Doughnut\wp-content\themes\doughnut-shop\functions.php on line 24

2020-10-07T17:42:07+00:00 CRITICAL require_once(): Failed opening required 'C:\xampp\htdocs\Doughnut/wp-content/themes/doughnut-shop/inc/theme-settings.php' (include_path='C:\xampp\php\PEAR') in C:\xampp\htdocs\Doughnut\wp-content\themes\doughnut-shop\functions.php on line 24

2020-10-07T17:42:09+00:00 CRITICAL require_once(): Failed opening required 'C:\xampp\htdocs\Doughnut/wp-content/themes/doughnut-shop/inc/theme-settings.php' (include_path='C:\xampp\php\PEAR') in C:\xampp\htdocs\Doughnut\wp-content\themes\doughnut-shop\functions.php on line 24

2020-10-07T17:42:09+00:00 CRITICAL require_once(): Failed opening required 'C:\xampp\htdocs\Doughnut/wp-content/themes/doughnut-shop/inc/theme-settings.php' (include_path='C:\xampp\php\PEAR') in C:\xampp\htdocs\Doughnut\wp-content\themes\doughnut-shop\functions.php on line 24

2020-10-07T17:42:12+00:00 CRITICAL require_once(): Failed opening required 'C:\xampp\htdocs\Doughnut/wp-content/themes/doughnut-shop/inc/setup.php' (include_path='C:\xampp\php\PEAR') in C:\xampp\htdocs\Doughnut\wp-content\themes\doughnut-shop\functions.php on line 23

2020-10-07T17:42:13+00:00 CRITICAL require_once(): Failed opening required 'C:\xampp\htdocs\Doughnut/wp-content/themes/doughnut-shop/inc/setup.php' (include_path='C:\xampp\php\PEAR') in C:\xampp\htdocs\Doughnut\wp-content\themes\doughnut-shop\functions.php on line 23

2020-10-07T17:42:17+00:00 CRITICAL require_once(): Failed opening required 'C:\xampp\htdocs\Doughnut/wp-content/themes/doughnut-shop/inc/widgets.php' (include_path='C:\xampp\php\PEAR') in C:\xampp\htdocs\Doughnut\wp-content\themes\doughnut-shop\functions.php on line 22

2020-10-07T17:42:17+00:00 CRITICAL require_once(): Failed opening required 'C:\xampp\htdocs\Doughnut/wp-content/themes/doughnut-shop/inc/widgets.php' (include_path='C:\xampp\php\PEAR') in C:\xampp\htdocs\Doughnut\wp-content\themes\doughnut-shop\functions.php on line 22

2020-10-07T17:42:20+00:00 CRITICAL require_once(): Failed opening required 'C:\xampp\htdocs\Doughnut/wp-content/themes/doughnut-shop/inc/enqueue.php' (include_path='C:\xampp\php\PEAR') in C:\xampp\htdocs\Doughnut\wp-content\themes\doughnut-shop\functions.php on line 21

2020-10-07T17:42:20+00:00 CRITICAL require_once(): Failed opening required 'C:\xampp\htdocs\Doughnut/wp-content/themes/doughnut-shop/inc/enqueue.php' (include_path='C:\xampp\php\PEAR') in C:\xampp\htdocs\Doughnut\wp-content\themes\doughnut-shop\functions.php on line 21

2020-10-07T19:04:53+00:00 CRITICAL Uncaught ArgumentCountError: Too few arguments to function _n(), 1 passed in C:\xampp\htdocs\Doughnut\wp-content\themes\doughnut-shop\header.php on line 25 and at least 3 expected in C:\xampp\htdocs\Doughnut\wp-includes\l10n.php:466
Stack trace:
#0 C:\xampp\htdocs\Doughnut\wp-content\themes\doughnut-shop\header.php(25): _n(0)
#1 C:\xampp\htdocs\Doughnut\wp-includes\template.php(730): require_once('C:\\xampp\\htdocs...')
#2 C:\xampp\htdocs\Doughnut\wp-includes\template.php(676): load_template('C:\\xampp\\htdocs...', true, Array)
#3 C:\xampp\htdocs\Doughnut\wp-includes\general-template.php(48): locate_template(Array, true, true, Array)
#4 C:\xampp\htdocs\Doughnut\wp-content\themes\doughnut-shop\front-page.php(1): get_header()
#5 C:\xampp\htdocs\Doughnut\wp-includes\template-loader.php(106): include('C:\\xampp\\htdocs...')
#6 C:\xampp\htdocs\Doughnut\wp-blog-header.php(19): require_once('C:\\xampp\\htdocs...')
#7 C:\xampp\htdocs\Doughnut\index.php(17): require('C:\\xampp\\htdocs...')
#8 {main}
  thrown in C:\xampp\htdocs\Doughnut\wp-includes\l10n.php on line 466

2020-10-07T19:05:15+00:00 CRITICAL syntax error, unexpected ')', expecting ';' or ',' in C:\xampp\htdocs\Doughnut\wp-content\themes\doughnut-shop\header.php on line 25

2020-10-07T19:05:16+00:00 CRITICAL syntax error, unexpected ')', expecting ';' or ',' in C:\xampp\htdocs\Doughnut\wp-content\themes\doughnut-shop\header.php on line 25

2020-10-07T19:05:16+00:00 CRITICAL syntax error, unexpected ')', expecting ';' or ',' in C:\xampp\htdocs\Doughnut\wp-content\themes\doughnut-shop\header.php on line 25

2020-10-07T21:46:01+00:00 CRITICAL syntax error, unexpected end of file in C:\xampp\htdocs\Doughnut\wp-content\themes\doughnut\header.php on line 89

