2020-10-08T06:37:59+00:00 CRITICAL syntax error, unexpected 'card' (T_STRING), expecting ';' or ',' in C:\xampp\htdocs\Doughnut\wp-content\themes\doughnut\page-templates\template-home.php on line 389

2020-10-08T06:38:31+00:00 CRITICAL syntax error, unexpected 'card' (T_STRING), expecting ';' or ',' in C:\xampp\htdocs\Doughnut\wp-content\themes\doughnut\page-templates\template-home.php on line 389

2020-10-08T06:38:32+00:00 CRITICAL syntax error, unexpected 'card' (T_STRING), expecting ';' or ',' in C:\xampp\htdocs\Doughnut\wp-content\themes\doughnut\page-templates\template-home.php on line 389

2020-10-08T06:38:32+00:00 CRITICAL syntax error, unexpected 'card' (T_STRING), expecting ';' or ',' in C:\xampp\htdocs\Doughnut\wp-content\themes\doughnut\page-templates\template-home.php on line 389

2020-10-08T06:38:33+00:00 CRITICAL syntax error, unexpected 'card' (T_STRING), expecting ';' or ',' in C:\xampp\htdocs\Doughnut\wp-content\themes\doughnut\page-templates\template-home.php on line 389

2020-10-08T06:39:03+00:00 CRITICAL syntax error, unexpected 'card' (T_STRING), expecting ';' or ',' in C:\xampp\htdocs\Doughnut\wp-content\themes\doughnut\page-templates\template-home.php on line 389

2020-10-08T06:39:03+00:00 CRITICAL syntax error, unexpected 'card' (T_STRING), expecting ';' or ',' in C:\xampp\htdocs\Doughnut\wp-content\themes\doughnut\page-templates\template-home.php on line 389

2020-10-08T06:39:04+00:00 CRITICAL syntax error, unexpected 'card' (T_STRING), expecting ';' or ',' in C:\xampp\htdocs\Doughnut\wp-content\themes\doughnut\page-templates\template-home.php on line 389

2020-10-08T06:39:05+00:00 CRITICAL syntax error, unexpected 'card' (T_STRING), expecting ';' or ',' in C:\xampp\htdocs\Doughnut\wp-content\themes\doughnut\page-templates\template-home.php on line 389

2020-10-08T06:39:06+00:00 CRITICAL syntax error, unexpected 'card' (T_STRING), expecting ';' or ',' in C:\xampp\htdocs\Doughnut\wp-content\themes\doughnut\page-templates\template-home.php on line 389

2020-10-08T06:39:07+00:00 CRITICAL syntax error, unexpected 'card' (T_STRING), expecting ';' or ',' in C:\xampp\htdocs\Doughnut\wp-content\themes\doughnut\page-templates\template-home.php on line 389

2020-10-08T06:39:33+00:00 CRITICAL syntax error, unexpected 'card' (T_STRING), expecting ';' or ',' in C:\xampp\htdocs\Doughnut\wp-content\themes\doughnut\page-templates\template-home.php on line 389

2020-10-08T06:40:05+00:00 CRITICAL syntax error, unexpected 'echo' (T_ECHO), expecting ';' or ',' in C:\xampp\htdocs\Doughnut\wp-content\themes\doughnut\page-templates\template-home.php on line 390

2020-10-08T06:40:06+00:00 CRITICAL syntax error, unexpected 'echo' (T_ECHO), expecting ';' or ',' in C:\xampp\htdocs\Doughnut\wp-content\themes\doughnut\page-templates\template-home.php on line 390

2020-10-08T06:40:40+00:00 CRITICAL syntax error, unexpected 'echo' (T_ECHO) in C:\xampp\htdocs\Doughnut\wp-content\themes\doughnut\page-templates\template-home.php on line 390

2020-10-08T06:40:52+00:00 CRITICAL syntax error, unexpected 'echo' (T_ECHO) in C:\xampp\htdocs\Doughnut\wp-content\themes\doughnut\page-templates\template-home.php on line 390

2020-10-08T06:40:53+00:00 CRITICAL syntax error, unexpected 'echo' (T_ECHO) in C:\xampp\htdocs\Doughnut\wp-content\themes\doughnut\page-templates\template-home.php on line 390

2020-10-08T06:40:54+00:00 CRITICAL syntax error, unexpected 'echo' (T_ECHO) in C:\xampp\htdocs\Doughnut\wp-content\themes\doughnut\page-templates\template-home.php on line 390

2020-10-08T06:41:24+00:00 CRITICAL syntax error, unexpected 'echo' (T_ECHO), expecting ';' or ',' in C:\xampp\htdocs\Doughnut\wp-content\themes\doughnut\page-templates\template-home.php on line 391

2020-10-08T06:41:25+00:00 CRITICAL syntax error, unexpected 'echo' (T_ECHO), expecting ';' or ',' in C:\xampp\htdocs\Doughnut\wp-content\themes\doughnut\page-templates\template-home.php on line 391

2020-10-08T06:41:26+00:00 CRITICAL syntax error, unexpected 'echo' (T_ECHO), expecting ';' or ',' in C:\xampp\htdocs\Doughnut\wp-content\themes\doughnut\page-templates\template-home.php on line 391

2020-10-08T06:41:33+00:00 CRITICAL syntax error, unexpected 'echo' (T_ECHO), expecting ';' or ',' in C:\xampp\htdocs\Doughnut\wp-content\themes\doughnut\page-templates\template-home.php on line 391

2020-10-08T06:41:33+00:00 CRITICAL syntax error, unexpected 'echo' (T_ECHO), expecting ';' or ',' in C:\xampp\htdocs\Doughnut\wp-content\themes\doughnut\page-templates\template-home.php on line 391

2020-10-08T06:41:34+00:00 CRITICAL syntax error, unexpected 'echo' (T_ECHO), expecting ';' or ',' in C:\xampp\htdocs\Doughnut\wp-content\themes\doughnut\page-templates\template-home.php on line 391

2020-10-08T06:41:34+00:00 CRITICAL syntax error, unexpected 'echo' (T_ECHO), expecting ';' or ',' in C:\xampp\htdocs\Doughnut\wp-content\themes\doughnut\page-templates\template-home.php on line 391

2020-10-08T06:41:37+00:00 CRITICAL syntax error, unexpected 'echo' (T_ECHO), expecting ';' or ',' in C:\xampp\htdocs\Doughnut\wp-content\themes\doughnut\page-templates\template-home.php on line 391

2020-10-08T06:41:38+00:00 CRITICAL syntax error, unexpected 'echo' (T_ECHO), expecting ';' or ',' in C:\xampp\htdocs\Doughnut\wp-content\themes\doughnut\page-templates\template-home.php on line 391

2020-10-08T06:41:47+00:00 CRITICAL syntax error, unexpected 'echo' (T_ECHO), expecting ';' or ',' in C:\xampp\htdocs\Doughnut\wp-content\themes\doughnut\page-templates\template-home.php on line 391

2020-10-08T06:41:48+00:00 CRITICAL syntax error, unexpected 'echo' (T_ECHO), expecting ';' or ',' in C:\xampp\htdocs\Doughnut\wp-content\themes\doughnut\page-templates\template-home.php on line 391

2020-10-08T06:42:13+00:00 CRITICAL syntax error, unexpected 'echo' (T_ECHO), expecting ';' or ',' in C:\xampp\htdocs\Doughnut\wp-content\themes\doughnut\page-templates\template-home.php on line 391

2020-10-08T07:01:19+00:00 CRITICAL syntax error, unexpected ',' in C:\xampp\htdocs\Doughnut\wp-content\themes\doughnut\page-templates\template-home.php on line 383

2020-10-08T07:14:49+00:00 CRITICAL syntax error, unexpected '"/>';' (T_CONSTANT_ENCAPSED_STRING), expecting ';' or ',' in C:\xampp\htdocs\Doughnut\wp-content\themes\doughnut\page-templates\template-home.php on line 404

2020-10-08T07:29:58+00:00 CRITICAL Uncaught Exception: Invalid product. in C:\xampp\htdocs\Doughnut\wp-content\plugins\woocommerce\includes\data-stores\class-wc-product-data-store-cpt.php:165
Stack trace:
#0 C:\xampp\htdocs\Doughnut\wp-content\plugins\woocommerce\includes\class-wc-data-store.php(159): WC_Product_Data_Store_CPT->read(Object(WC_Product))
#1 C:\xampp\htdocs\Doughnut\wp-content\plugins\woocommerce\includes\abstracts\abstract-wc-product.php(135): WC_Data_Store->read(Object(WC_Product))
#2 C:\xampp\htdocs\Doughnut\wp-content\themes\doughnut\page-templates\template-home.php(402): WC_Product->__construct(221)
#3 C:\xampp\htdocs\Doughnut\wp-includes\template-loader.php(106): include('C:\\xampp\\htdocs...')
#4 C:\xampp\htdocs\Doughnut\wp-blog-header.php(19): require_once('C:\\xampp\\htdocs...')
#5 C:\xampp\htdocs\Doughnut\index.php(17): require('C:\\xampp\\htdocs...')
#6 {main}
  thrown in C:\xampp\htdocs\Doughnut\wp-content\plugins\woocommerce\includes\data-stores\class-wc-product-data-store-cpt.php on line 165

2020-10-08T07:30:00+00:00 CRITICAL Uncaught Exception: Invalid product. in C:\xampp\htdocs\Doughnut\wp-content\plugins\woocommerce\includes\data-stores\class-wc-product-data-store-cpt.php:165
Stack trace:
#0 C:\xampp\htdocs\Doughnut\wp-content\plugins\woocommerce\includes\class-wc-data-store.php(159): WC_Product_Data_Store_CPT->read(Object(WC_Product))
#1 C:\xampp\htdocs\Doughnut\wp-content\plugins\woocommerce\includes\abstracts\abstract-wc-product.php(135): WC_Data_Store->read(Object(WC_Product))
#2 C:\xampp\htdocs\Doughnut\wp-content\themes\doughnut\page-templates\template-home.php(402): WC_Product->__construct(221)
#3 C:\xampp\htdocs\Doughnut\wp-includes\template-loader.php(106): include('C:\\xampp\\htdocs...')
#4 C:\xampp\htdocs\Doughnut\wp-blog-header.php(19): require_once('C:\\xampp\\htdocs...')
#5 C:\xampp\htdocs\Doughnut\index.php(17): require('C:\\xampp\\htdocs...')
#6 {main}
  thrown in C:\xampp\htdocs\Doughnut\wp-content\plugins\woocommerce\includes\data-stores\class-wc-product-data-store-cpt.php on line 165

2020-10-08T17:25:45+00:00 CRITICAL syntax error, unexpected '}', expecting end of file in C:\xampp\htdocs\Doughnut\wp-content\themes\doughnut\page-templates\template-home.php on line 16

2020-10-08T17:25:46+00:00 CRITICAL syntax error, unexpected '}', expecting end of file in C:\xampp\htdocs\Doughnut\wp-content\themes\doughnut\page-templates\template-home.php on line 16

2020-10-08T17:26:11+00:00 CRITICAL syntax error, unexpected '<', expecting end of file in C:\xampp\htdocs\Doughnut\wp-content\themes\doughnut\page-templates\template-home.php on line 21

2020-10-08T18:21:47+00:00 CRITICAL syntax error, unexpected ':', expecting ')' in C:\xampp\htdocs\Doughnut\wp-content\themes\doughnut\functions.php on line 274

