2020-09-30T07:36:04+00:00 INFO DoCapture Response: Array
(
    [headers] => Requests_Utility_CaseInsensitiveDictionary Object
        (
            [data:protected] => Array
                (
                    [cache-control] => max-age=0, no-cache, no-store, must-revalidate
                    [content-length] => 379
                    [content-type] => text/plain; charset=utf-8
                    [date] => Wed, 30 Sep 2020 07:36:05 GMT
                    [paypal-debug-id] => fb245bec92975
                    [set-cookie] => Array
                        (
                            [0] => l7_az=sandbox.slc; Path=/; Domain=paypal.com; Expires=Wed, 30 Sep 2020 08:06:05 GMT; HttpOnly; Secure
                            [1] => X-PP-SILOVER=name%3DLIVE3.WEB.1%26silo_version%3D880%26app%3Dappdispatcher_apit%26TIME%3D1591643782%26HTTP_X_PP_AZ_LOCATOR%3Dsandbox.slc; Path=/; Domain=paypal.com; Expires=Wed, 30 Sep 2020 08:06:05 GMT; HttpOnly; Secure
                        )

                    [x-paypal-api-rc] => 10004
                    [x-paypal-operation-name] => DoCapture
                    [x-slr-retry-api] => DoCapture
                )

        )

    [body] => AUTHORIZATIONID=0S377273GS353945E&TIMESTAMP=2020%2d09%2d30T07%3a36%3a05Z&CORRELATIONID=fb245bec92975&ACK=Failure&VERSION=84%2e0&BUILD=54906389&L_ERRORCODE0=10004&L_SHORTMESSAGE0=Transaction%20refused%20because%20of%20an%20invalid%20argument%2e%20See%20additional%20error%20messages%20for%20details%2e&L_LONGMESSAGE0=The%20transaction%20id%20is%20not%20valid&L_SEVERITYCODE0=Error
    [response] => Array
        (
            [code] => 200
            [message] => OK
        )

    [cookies] => Array
        (
            [0] => WP_Http_Cookie Object
                (
                    [name] => l7_az
                    [value] => sandbox.slc
                    [expires] => 1601453165
                    [path] => /
                    [domain] => paypal.com
                    [host_only] => 
                )

            [1] => WP_Http_Cookie Object
                (
                    [name] => X-PP-SILOVER
                    [value] => name=LIVE3.WEB.1&silo_version=880&app=appdispatcher_apit&TIME=1591643782&HTTP_X_PP_AZ_LOCATOR=sandbox.slc
                    [expires] => 1601453165
                    [path] => /
                    [domain] => paypal.com
                    [host_only] => 
                )

        )

    [filename] => 
    [http_response] => WP_HTTP_Requests_Response Object
        (
            [response:protected] => Requests_Response Object
                (
                    [body] => AUTHORIZATIONID=0S377273GS353945E&TIMESTAMP=2020%2d09%2d30T07%3a36%3a05Z&CORRELATIONID=fb245bec92975&ACK=Failure&VERSION=84%2e0&BUILD=54906389&L_ERRORCODE0=10004&L_SHORTMESSAGE0=Transaction%20refused%20because%20of%20an%20invalid%20argument%2e%20See%20additional%20error%20messages%20for%20details%2e&L_LONGMESSAGE0=The%20transaction%20id%20is%20not%20valid&L_SEVERITYCODE0=Error
                    [raw] => HTTP/1.1 200 OK
Cache-Control: max-age=0, no-cache, no-store, must-revalidate
Content-Length: 379
Content-Type: text/plain; charset=utf-8
Date: Wed, 30 Sep 2020 07:36:05 GMT
Paypal-Debug-Id: fb245bec92975
Set-Cookie: l7_az=sandbox.slc; Path=/; Domain=paypal.com; Expires=Wed, 30 Sep 2020 08:06:05 GMT; HttpOnly; Secure
Set-Cookie: X-PP-SILOVER=name%3DLIVE3.WEB.1%26silo_version%3D880%26app%3Dappdispatcher_apit%26TIME%3D1591643782%26HTTP_X_PP_AZ_LOCATOR%3Dsandbox.slc; Path=/; Domain=paypal.com; Expires=Wed, 30 Sep 2020 08:06:05 GMT; HttpOnly; Secure
X-Paypal-Api-Rc: 10004
X-Paypal-Operation-Name: DoCapture
X-Slr-Retry-Api: DoCapture
Connection: close

AUTHORIZATIONID=0S377273GS353945E&TIMESTAMP=2020%2d09%2d30T07%3a36%3a05Z&CORRELATIONID=fb245bec92975&ACK=Failure&VERSION=84%2e0&BUILD=54906389&L_ERRORCODE0=10004&L_SHORTMESSAGE0=Transaction%20refused%20because%20of%20an%20invalid%20argument%2e%20See%20additional%20error%20messages%20for%20details%2e&L_LONGMESSAGE0=The%20transaction%20id%20is%20not%20valid&L_SEVERITYCODE0=Error
                    [headers] => Requests_Response_Headers Object
                        (
                            [data:protected] => Array
                                (
                                    [cache-control] => Array
                                        (
                                            [0] => max-age=0, no-cache, no-store, must-revalidate
                                        )

                                    [content-length] => Array
                                        (
                                            [0] => 379
                                        )

                                    [content-type] => Array
                                        (
                                            [0] => text/plain; charset=utf-8
                                        )

                                    [date] => Array
                                        (
                                            [0] => Wed, 30 Sep 2020 07:36:05 GMT
                                        )

                                    [paypal-debug-id] => Array
                                        (
                                            [0] => fb245bec92975
                                        )

                                    [set-cookie] => Array
                                        (
                                            [0] => l7_az=sandbox.slc; Path=/; Domain=paypal.com; Expires=Wed, 30 Sep 2020 08:06:05 GMT; HttpOnly; Secure
                                            [1] => X-PP-SILOVER=name%3DLIVE3.WEB.1%26silo_version%3D880%26app%3Dappdispatcher_apit%26TIME%3D1591643782%26HTTP_X_PP_AZ_LOCATOR%3Dsandbox.slc; Path=/; Domain=paypal.com; Expires=Wed, 30 Sep 2020 08:06:05 GMT; HttpOnly; Secure
                                        )

                                    [x-paypal-api-rc] => Array
                                        (
                                            [0] => 10004
                                        )

                                    [x-paypal-operation-name] => Array
                                        (
                                            [0] => DoCapture
                                        )

                                    [x-slr-retry-api] => Array
                                        (
                                            [0] => DoCapture
                                        )

                                )

                        )

                    [status_code] => 200
                    [protocol_version] => 1.1
                    [success] => 1
                    [redirects] => 0
                    [url] => https://api-3t.sandbox.paypal.com/nvp
                    [history] => Array
                        (
                        )

                    [cookies] => Requests_Cookie_Jar Object
                        (
                            [cookies:protected] => Array
                                (
                                    [l7_az] => Requests_Cookie Object
                                        (
                                            [name] => l7_az
                                            [value] => sandbox.slc
                                            [attributes] => Requests_Utility_CaseInsensitiveDictionary Object
                                                (
                                                    [data:protected] => Array
                                                        (
                                                            [path] => /
                                                            [domain] => paypal.com
                                                            [expires] => 1601453165
                                                            [httponly] => 1
                                                            [secure] => 1
                                                        )

                                                )

                                            [flags] => Array
                                                (
                                                    [creation] => 1601451364
                                                    [last-access] => 1601451364
                                                    [persistent] => 
                                                    [host-only] => 
                                                )

                                            [reference_time] => 1601451364
                                        )

                                    [X-PP-SILOVER] => Requests_Cookie Object
                                        (
                                            [name] => X-PP-SILOVER
                                            [value] => name%3DLIVE3.WEB.1%26silo_version%3D880%26app%3Dappdispatcher_apit%26TIME%3D1591643782%26HTTP_X_PP_AZ_LOCATOR%3Dsandbox.slc
                                            [attributes] => Requests_Utility_CaseInsensitiveDictionary Object
                                                (
                                                    [data:protected] => Array
                                                        (
                                                            [path] => /
                                                            [domain] => paypal.com
                                                            [expires] => 1601453165
                                                            [httponly] => 1
                                                            [secure] => 1
                                                        )

                                                )

                                            [flags] => Array
                                                (
                                                    [creation] => 1601451364
                                                    [last-access] => 1601451364
                                                    [persistent] => 
                                                    [host-only] => 
                                                )

                                            [reference_time] => 1601451364
                                        )

                                )

                        )

                )

            [filename:protected] => 
            [data] => 
            [headers] => 
            [status] => 
        )

)

2020-09-30T07:36:04+00:00 INFO Capture Result: stdClass Object
(
    [AUTHORIZATIONID] => 0S377273GS353945E
    [TIMESTAMP] => 2020-09-30T07:36:05Z
    [CORRELATIONID] => fb245bec92975
    [ACK] => Failure
    [VERSION] => 84.0
    [BUILD] => 54906389
    [L_ERRORCODE0] => 10004
    [L_SHORTMESSAGE0] => Transaction refused because of an invalid argument. See additional error messages for details.
    [L_LONGMESSAGE0] => The transaction id is not valid
    [L_SEVERITYCODE0] => Error
)

2020-09-30T07:46:40+00:00 INFO Generating payment form for order 156. Notify URL: http://doughnut.test/?wc-api=WC_Gateway_Paypal
2020-09-30T07:46:40+00:00 INFO PayPal Request Args for order 156: Array
(
    [cmd] => _cart
    [business] => joel@amplab.com.ph
    [no_note] => 1
    [currency_code] => PHP
    [charset] => utf-8
    [rm] => 1
    [upload] => 1
    [return] => http://doughnut.test/?page_id=60&order-received=156&key=wc_order_4wr47BetsLRXw&utm_nooverride=1
    [cancel_return] => http://doughnut.test/?page_id=59&cancel_order=true&order=wc_order_4wr47BetsLRXw&order_id=156&redirect&_wpnonce=36510d9fb6
    [page_style] => 
    [image_url] => 
    [paymentaction] => sale
    [invoice] => RD-156
    [custom] => {"order_id":156,"order_key":"wc_order_4wr47BetsLRXw"}
    [notify_url] => http://doughnut.test/?wc-api=WC_Gateway_Paypal
    [first_name] => ***
    [last_name] => ***
    [address1] => ***
    [address2] => ***
    [city] => ***
    [state] => ***
    [zip] => ***
    [country] => ***
    [email] => ***@***
    [night_phone_a] => ***
    [night_phone_b] => ***
    [no_shipping] => 1
    [tax_cart] => 0.00
    [item_name_1] => Box of 3 (Flavors: 60% South Cotabato w/ Cacao Nibs (1 pcs.) Calamansi Glazed (1 pcs.) Choco-Hazel Butternut (1 pcs.))
    [quantity_1] => 1
    [amount_1] => 150
    [item_number_1] => 
    [bn] => WooThemes_Cart
)

